2025-10-14 10:23:28|   0.0|  0.0|INFORM|Current FME version: FME 2025.1.2.0 (20250829 - Build 25630 - WIN64)
2025-10-14 10:23:28|   0.0|  0.0|INFORM|System Time: 20251014082329 UTC
2025-10-14 10:23:28|   0.0|  0.0|INFORM|FME_HOME is 'C:\Program Files\FME\'
2025-10-14 10:23:28|   0.0|  0.0|INFORM|FME license: FME Student Edition (node locked-crc)
2025-10-14 10:23:28|   0.0|  0.0|INFORM|Serial Number: 1K9ICPC2H0B7D8MSYWSH
2025-10-14 10:23:28|   0.0|  0.0|INFORM|Machine host name is: LaptopYair
2025-10-14 10:23:28|   0.0|  0.0|INFORM|OS Locale Name     : nl_NL
2025-10-14 10:23:28|   0.0|  0.0|INFORM|OS Locale Encoding : windows-1252
2025-10-14 10:23:28|   0.0|  0.0|INFORM|Process Encoding   : UTF-8
2025-10-14 10:23:28|   0.0|  0.0|INFORM|FME API version: '4.0 20250515'
2025-10-14 10:23:28|   0.0|  0.0|INFORM|FME Configuration: FME_BASE is 'no'
2025-10-14 10:23:28|   0.0|  0.0|INFORM|FME Configuration: FME_MF_DIR is 'C:\Users\yairr\OneDrive - Delft University of Technology\GEOIT1501_Synthesis_Project_VanOord\FME\Workspaces\Features/'
2025-10-14 10:23:28|   0.0|  0.0|INFORM|FME Configuration: FME_MF_NAME is 'feature_flowdirection.fmw'
2025-10-14 10:23:28|   0.0|  0.0|INFORM|FME Configuration: FME_PRODUCT_NAME is 'FME(R) 2025.1.2.0'
2025-10-14 10:23:28|   0.0|  0.0|INFORM|Operating System: Microsoft Windows 11 64-bit  (Build 26100)
2025-10-14 10:23:28|   0.0|  0.0|INFORM|FME Platform: WIN64
2025-10-14 10:23:28|   0.0|  0.0|INFORM|System Status: 141.72 GB of disk space available in the FME temporary folder (C:\Users\yairr\AppData\Local\Temp\wbrun_1760428928938_12184\fmetmp_1)
2025-10-14 10:23:28|   0.0|  0.0|INFORM|System Status: 15.78 GB of physical memory available
2025-10-14 10:23:28|   0.0|  0.0|INFORM|System Status: 63.11 GB of virtual memory available
2025-10-14 10:23:28|   0.0|  0.0|INFORM|START - ProcessID: 11748, peak process memory usage: 41472 kB, current process memory usage: 41472 kB
2025-10-14 10:23:28|   0.0|  0.0|INFORM|FME Configuration: Command line arguments are `C:\Program Files\FME\fme.exe' `C:\Users\yairr\OneDrive - Delft University of Technology\GEOIT1501_Synthesis_Project_VanOord\FME\Workspaces\Features\wb-xlate-1760430208218_12184' `--FME_LAUNCH_VIEWER_APP' `WORKBENCH' `LOG_STANDARDOUT' `YES' `LOG_TIMINGS' `YES' `LogCountServerName' `58232' `LOG_STANDARDOUT' `No' `WORKBENCH_LOG_SERVER' `54052'
2025-10-14 10:23:28|   0.0|  0.0|INFORM|FME Configuration: Connection Storage: 'C:\Users\yairr\AppData\Roaming\Safe Software\FME\'
2025-10-14 10:23:28|   0.0|  0.0|INFORM|Shared folders for formats are : C:\Program Files\FME\datasources;C:\Users\yairr\Documents\FME\Formats
2025-10-14 10:23:28|   0.0|  0.0|INFORM|Shared folders for transformers are : C:\Users\yairr\AppData\Roaming\Safe Software\FME\Packages\25630-win64\transformers;C:\Program Files\FME\transformers;C:\Users\yairr\AppData\Roaming\Safe Software\FME\FME Store\Transformers
2025-10-14 10:23:28|   0.0|  0.0|INFORM|Shared folders for coordinate systems are : C:\Users\yairr\Documents\FME\CoordinateSystems
2025-10-14 10:23:28|   0.0|  0.0|INFORM|Shared folders for coordinate system exceptions are : C:\Users\yairr\Documents\FME\CoordinateSystemExceptions
2025-10-14 10:23:28|   0.0|  0.0|INFORM|Shared folders for coordinate system grid overrides are : C:\Users\yairr\Documents\FME\CoordinateSystemGridOverrides
2025-10-14 10:23:28|   0.0|  0.0|INFORM|Shared folders for CS-MAP transformation exceptions are : C:\Users\yairr\Documents\FME\CsmapTransformationExceptions
2025-10-14 10:23:28|   0.0|  0.0|INFORM|Shared folders for transformer categories are : C:\Users\yairr\Documents\FME\TransformerCategories
2025-10-14 10:23:28|   0.0|  0.0|INFORM|FME Configuration: No destination coordinate system set
2025-10-14 10:23:28|   0.0|  0.0|INFORM|FME Configuration: Current working folder is `C:\Users\yairr\OneDrive - Delft University of Technology\GEOIT1501_Synthesis_Project_VanOord\FME\Workspaces\Features'
2025-10-14 10:23:28|   0.0|  0.0|INFORM|FME Configuration: Temporary folder is `C:\Users\yairr\AppData\Local\Temp\wbrun_1760428928938_12184\fmetmp_1', set from environment variable `FME_TEMP'
2025-10-14 10:23:28|   0.0|  0.0|INFORM|FME Configuration: Cache folder is 'C:\Users\yairr\AppData\Local\Temp'
2025-10-14 10:23:28|   0.0|  0.0|INFORM|FME Configuration: FME_HOME is `C:\Program Files\FME\'
2025-10-14 10:23:28|   0.0|  0.0|INFORM|FME Configuration: Start freeing memory when the process exceeds 47.33 GB
2025-10-14 10:23:28|   0.0|  0.0|INFORM|FME Configuration: Stop freeing memory when the process is below 35.50 GB
2025-10-14 10:23:28|   0.0|  0.0|INFORM|Creating writer for format: 
2025-10-14 10:23:28|   0.0|  0.0|INFORM|Creating reader for format: 
2025-10-14 10:23:28|   0.0|  0.0|INFORM|MULTI_READER(MULTI_READER): Will fail with first member reader failure
2025-10-14 10:23:28|   0.0|  0.0|INFORM|MULTI_READER(MULTI_READER): Adding SHAPEFILE Reader with keyword SHAPEFILE_4
2025-10-14 10:23:28|   0.0|  0.0|INFORM|Using Multi Reader with keyword `MULTI_READER' to read multiple datasets
2025-10-14 10:23:28|   0.0|  0.0|INFORM|Creating reader for format: Esri Shapefile
2025-10-14 10:23:28|   0.1|  0.1|INFORM|Trying to find a DYNAMIC plugin for reader named `SHAPEFILE'
2025-10-14 10:23:28|   0.1|  0.0|ERROR |Shapefile reader: Failed to open file '\Users\michel\Desktop\Geomatics\Year_2\Synthesis\Data\Inlet_outlet_points\VO_AS_WOCU_WOCU_ObjectsPoint.shp' for reading.  Please ensure that the file exists and you have sufficient privileges to read it
2025-10-14 10:23:28|   0.1|  0.0|INFORM|Translation FAILED with 1 error(s) and 0 warning(s) (0 feature(s) output)
2025-10-14 10:23:28|   0.1|  0.0|INFORM|FME Session Duration: 0.3 seconds. (CPU: 0.1s user, 0.0s system)
2025-10-14 10:23:28|   0.1|  0.0|INFORM|END - ProcessID: 11748, peak process memory usage: 55012 kB, current process memory usage: 48692 kB
