2025-10-21 14:50:15|   0.0|  0.0|INFORM|Current FME version: FME 2025.1.2.0 (20250829 - Build 25630 - WIN64)
2025-10-21 14:50:15|   0.0|  0.0|INFORM|System Time: 20251021125016 UTC
2025-10-21 14:50:15|   0.0|  0.0|INFORM|FME_HOME is 'C:\Program Files\FME\'
2025-10-21 14:50:15|   0.0|  0.0|INFORM|FME license: FME Student Edition (node locked-crc)
2025-10-21 14:50:15|   0.0|  0.0|INFORM|Serial Number: 1K9ICPC2H0B7D8MSYWSH
2025-10-21 14:50:15|   0.0|  0.0|INFORM|Machine host name is: LaptopYair
2025-10-21 14:50:15|   0.0|  0.0|INFORM|OS Locale Name     : nl_NL
2025-10-21 14:50:15|   0.0|  0.0|INFORM|OS Locale Encoding : windows-1252
2025-10-21 14:50:15|   0.0|  0.0|INFORM|Process Encoding   : UTF-8
2025-10-21 14:50:15|   0.0|  0.0|INFORM|FME API version: '4.0 20250515'
2025-10-21 14:50:15|   0.0|  0.0|INFORM|FME Configuration: FME_BASE is 'no'
2025-10-21 14:50:15|   0.0|  0.0|INFORM|FME Configuration: FME_MF_DIR is 'C:\Users\yairr\OneDrive - Delft University of Technology\GEOIT1501_Synthesis_Project_VanOord\FME\Workspaces\Features/'
2025-10-21 14:50:15|   0.0|  0.0|INFORM|FME Configuration: FME_MF_NAME is 'feature_vegetation.fmw'
2025-10-21 14:50:15|   0.0|  0.0|INFORM|FME Configuration: FME_PRODUCT_NAME is 'FME(R) 2025.1.2.0'
2025-10-21 14:50:15|   0.0|  0.0|INFORM|Operating System: Microsoft Windows 11 64-bit  (Build 26100)
2025-10-21 14:50:15|   0.0|  0.0|INFORM|FME Platform: WIN64
2025-10-21 14:50:15|   0.0|  0.0|INFORM|System Status: 130.48 GB of disk space available in the FME temporary folder (C:\Users\yairr\AppData\Local\Temp\wbrun_1761050995070_3228\fmetmp_0)
2025-10-21 14:50:15|   0.0|  0.0|INFORM|System Status: 15.78 GB of physical memory available
2025-10-21 14:50:15|   0.0|  0.0|INFORM|System Status: 63.11 GB of virtual memory available
2025-10-21 14:50:15|   0.0|  0.0|INFORM|START - ProcessID: 10784, peak process memory usage: 41260 kB, current process memory usage: 41252 kB
2025-10-21 14:50:15|   0.0|  0.0|INFORM|FME Configuration: Command line arguments are `C:\Program Files\FME\fme.exe' `C:\Users\yairr\OneDrive - Delft University of Technology\GEOIT1501_Synthesis_Project_VanOord\FME\Workspaces\Features\wb-xlate-1761051015353_3228' `--FME_LAUNCH_VIEWER_APP' `WORKBENCH' `LOG_STANDARDOUT' `YES' `LOG_TIMINGS' `YES' `LogCountServerName' `56912' `LOG_STANDARDOUT' `No' `WORKBENCH_LOG_SERVER' `58247'
2025-10-21 14:50:15|   0.0|  0.0|INFORM|FME Configuration: Connection Storage: 'C:\Users\yairr\AppData\Roaming\Safe Software\FME\'
2025-10-21 14:50:15|   0.0|  0.0|INFORM|Shared folders for formats are : C:\Program Files\FME\datasources;C:\Users\yairr\Documents\FME\Formats
2025-10-21 14:50:15|   0.0|  0.0|INFORM|Shared folders for transformers are : C:\Users\yairr\AppData\Roaming\Safe Software\FME\Packages\25630-win64\transformers;C:\Program Files\FME\transformers;C:\Users\yairr\AppData\Roaming\Safe Software\FME\FME Store\Transformers
2025-10-21 14:50:15|   0.0|  0.0|INFORM|Shared folders for coordinate systems are : C:\Users\yairr\Documents\FME\CoordinateSystems
2025-10-21 14:50:15|   0.0|  0.0|INFORM|Shared folders for coordinate system exceptions are : C:\Users\yairr\Documents\FME\CoordinateSystemExceptions
2025-10-21 14:50:15|   0.0|  0.0|INFORM|Shared folders for coordinate system grid overrides are : C:\Users\yairr\Documents\FME\CoordinateSystemGridOverrides
2025-10-21 14:50:15|   0.0|  0.0|INFORM|Shared folders for CS-MAP transformation exceptions are : C:\Users\yairr\Documents\FME\CsmapTransformationExceptions
2025-10-21 14:50:15|   0.0|  0.0|INFORM|Shared folders for transformer categories are : C:\Users\yairr\Documents\FME\TransformerCategories
2025-10-21 14:50:15|   0.0|  0.0|INFORM|FME Configuration: No destination coordinate system set
2025-10-21 14:50:15|   0.0|  0.0|INFORM|FME Configuration: Current working folder is `C:\Users\yairr\OneDrive - Delft University of Technology\GEOIT1501_Synthesis_Project_VanOord\FME\Workspaces\Features'
2025-10-21 14:50:15|   0.0|  0.0|INFORM|FME Configuration: Temporary folder is `C:\Users\yairr\AppData\Local\Temp\wbrun_1761050995070_3228\fmetmp_0', set from environment variable `FME_TEMP'
2025-10-21 14:50:15|   0.0|  0.0|INFORM|FME Configuration: Cache folder is 'C:\Users\yairr\AppData\Local\Temp'
2025-10-21 14:50:15|   0.0|  0.0|INFORM|FME Configuration: FME_HOME is `C:\Program Files\FME\'
2025-10-21 14:50:15|   0.0|  0.0|INFORM|FME Configuration: Start freeing memory when the process exceeds 47.33 GB
2025-10-21 14:50:15|   0.0|  0.0|INFORM|FME Configuration: Stop freeing memory when the process is below 35.50 GB
2025-10-21 14:50:15|   0.0|  0.0|INFORM|Creating writer for format: 
2025-10-21 14:50:15|   0.0|  0.0|INFORM|Creating reader for format: 
2025-10-21 14:50:15|   0.0|  0.0|INFORM|MULTI_READER(MULTI_READER): Will fail with first member reader failure
2025-10-21 14:50:15|   0.0|  0.0|INFORM|MULTI_READER(MULTI_READER): Adding POSTGIS Reader with keyword POSTGIS_1
2025-10-21 14:50:15|   0.0|  0.0|INFORM|Using Multi Reader with keyword `MULTI_READER' to read multiple datasets
2025-10-21 14:50:16|   0.2|  0.2|INFORM|FME Configuration: Using connection values from 'featurebase' for POSTGIS_1
2025-10-21 14:50:16|   0.2|  0.0|INFORM|Creating reader for format: PostGIS
2025-10-21 14:50:16|   0.2|  0.0|INFORM|Trying to find a DYNAMIC plugin for reader named `POSTGIS'
2025-10-21 14:50:16|   0.2|  0.0|INFORM|Opening POSTGIS reader for dataset 'postgres'
2025-10-21 14:50:16|   0.2|  0.0|INFORM|PostGIS client encoding: 'UTF8'
2025-10-21 14:50:17|   0.2|  0.0|INFORM|PostgreSQL 17.6 on aarch64-unknown-linux-gnu, compiled by gcc (GCC) 13.2.0, 64-bit
2025-10-21 14:50:17|   0.2|  0.0|INFORM|3.3 USE_GEOS=1 USE_PROJ=1 USE_STATS=1
2025-10-21 14:50:17|   0.2|  0.0|INFORM|POSTGIS reader: Creating bulk features from individual features
2025-10-21 14:50:17|   0.2|  0.0|INFORM|Using MultiWriter with keyword `MULTI_DEST' to output data (ID_ATTRIBUTE is `multi_writer_id')
2025-10-21 14:50:17|   0.2|  0.0|INFORM|Executing data query: 'declare "public_side_channels_crsr" cursor for select "scid","name","area","perimeter", ST_AsEWKB("geom") as "geom" from "public"."side_channels"'
2025-10-21 14:50:17|   0.2|  0.0|INFORM|Reading POSTGIS table: 'public.side_channels'...
2025-10-21 14:50:17|   0.3|  0.1|INFORM|FME Configuration: Source coordinate system for reader POSTGIS_1[POSTGIS] set to `EPSG:28992' as read from input data
2025-10-21 14:50:17|   0.5|  0.2|INFORM|Coordinate System `EPSG:28992' parameters: CS_NAME=`Netherlands-RDNew-2008' DESC_NM=`Netherlands, Amersfoort RD 2008 datum, New System' DT_NAME=`Amersfoort-RD-2008' GROUP=`EUROPE' MAP_SCL=`1' ORG_LAT=`52.15616055555556' ORG_LNG=`5.387638888888889' PROJ=`OSTERO' QUAD=`1' SCL_RED=`0.9999079' SOURCE=`Kadaster' UNIT=`METER' X_OFF=`155000' Y_OFF=`463000'
2025-10-21 14:50:18|   0.5|  0.0|INFORM|public.side_channels Feature Recorder -1 2147549190 (RecorderFactory): Splitting bulk features into individual features
2025-10-21 14:50:18|   0.6|  0.1|INFORM|Successfully closed POSTGIS database reader
2025-10-21 14:50:18|   0.6|  0.0|INFORM|Successfully closed POSTGIS database reader
2025-10-21 14:50:18|   0.6|  0.0|INFORM|MULTI_READER(MULTI_READER): Done reading 49 features from 1 readers
2025-10-21 14:50:18|   0.6|  0.0|INFORM|Emptying factory pipeline
2025-10-21 14:50:18|   0.6|  0.0|STATS |Router and Unexpected Input Remover (RoutingFactory): Tested 49 input feature(s), wrote 49 output feature(s): 49 matched merge filters, 49 were routed to output, 0 could not be routed.
2025-10-21 14:50:18|   0.6|  0.0|STATS |Unwanted Router Input Nuker (TeeFactory): Cloned 0 input feature(s) into 0 output feature(s)
2025-10-21 14:50:18|   0.6|  0.0|STATS |GEOTIFF_GEOTIFF_2 Splitter (TeeFactory): Cloned 0 input feature(s) into 0 output feature(s)
2025-10-21 14:50:18|   0.6|  0.0|STATS |public.side_channels_POSTGIS_1 Splitter (TeeFactory): Cloned 49 input feature(s) into 49 output feature(s)
2025-10-21 14:50:18|   0.6|  0.0|STATS |Destination Feature Type Routing Correlator (RoutingFactory): Tested 49 input feature(s), wrote 49 output feature(s): 0 matched merge filters, 0 were routed to output, 49 could not be routed.
2025-10-21 14:50:18|   0.6|  0.0|STATS |Final Output Nuker (TeeFactory): Cloned 49 input feature(s) into 0 output feature(s)
2025-10-21 14:50:18|   0.6|  0.0|WARN  |=-=-=-=-=-=-=-=-=-=-=-=-=-=-=-=-=-=-=-=-=-=-=-=-=-=-=-=-=-=-=-=-=-=-=-=-=-=-=-
2025-10-21 14:50:18|   0.6|  0.0|WARN  |      Features not written - verify feature type fanout/dynamic settings
2025-10-21 14:50:18|   0.6|  0.0|WARN  |=-=-=-=-=-=-=-=-=-=-=-=-=-=-=-=-=-=-=-=-=-=-=-=-=-=-=-=-=-=-=-=-=-=-=-=-=-=-=-
2025-10-21 14:50:18|   0.6|  0.0|WARN  |  (Check that fanout/dynamic feature type attribute exists and has a value)
2025-10-21 14:50:18|   0.6|  0.0|WARN  |=-=-=-=-=-=-=-=-=-=-=-=-=-=-=-=-=-=-=-=-=-=-=-=-=-=-=-=-=-=-=-=-=-=-=-=-=-=-=-
2025-10-21 14:50:18|   0.6|  0.0|WARN  |                                                                            49
2025-10-21 14:50:18|   0.6|  0.0|WARN  |==============================================================================
2025-10-21 14:50:18|   0.6|  0.0|WARN  |Total features not written                                                  49
2025-10-21 14:50:18|   0.6|  0.0|WARN  |=-=-=-=-=-=-=-=-=-=-=-=-=-=-=-=-=-=-=-=-=-=-=-=-=-=-=-=-=-=-=-=-=-=-=-=-=-=-=-
2025-10-21 14:50:18|   0.6|  0.0|STATS |=-=-=-=-=-=-=-=-=-=-=-=-=-=-=-=-=-=-=-=-=-=-=-=-=-=-=-=-=-=-=-=-=-=-=-=-=-=-=-
2025-10-21 14:50:18|   0.6|  0.0|STATS |                            Features Read Summary
2025-10-21 14:50:18|   0.6|  0.0|STATS |=-=-=-=-=-=-=-=-=-=-=-=-=-=-=-=-=-=-=-=-=-=-=-=-=-=-=-=-=-=-=-=-=-=-=-=-=-=-=-
2025-10-21 14:50:18|   0.6|  0.0|STATS |public.side_channels                                                        49
2025-10-21 14:50:18|   0.6|  0.0|STATS |==============================================================================
2025-10-21 14:50:18|   0.6|  0.0|STATS |Total Features Read                                                         49
2025-10-21 14:50:18|   0.6|  0.0|STATS |=-=-=-=-=-=-=-=-=-=-=-=-=-=-=-=-=-=-=-=-=-=-=-=-=-=-=-=-=-=-=-=-=-=-=-=-=-=-=-
2025-10-21 14:50:18|   0.6|  0.0|STATS |=-=-=-=-=-=-=-=-=-=-=-=-=-=-=-=-=-=-=-=-=-=-=-=-=-=-=-=-=-=-=-=-=-=-=-=-=-=-=-
2025-10-21 14:50:18|   0.6|  0.0|STATS |                           Features Written Summary
2025-10-21 14:50:18|   0.6|  0.0|STATS |=-=-=-=-=-=-=-=-=-=-=-=-=-=-=-=-=-=-=-=-=-=-=-=-=-=-=-=-=-=-=-=-=-=-=-=-=-=-=-
2025-10-21 14:50:18|   0.6|  0.0|STATS |==============================================================================
2025-10-21 14:50:18|   0.6|  0.0|STATS |Total Features Written                                                       0
2025-10-21 14:50:18|   0.6|  0.0|STATS |=-=-=-=-=-=-=-=-=-=-=-=-=-=-=-=-=-=-=-=-=-=-=-=-=-=-=-=-=-=-=-=-=-=-=-=-=-=-=-
2025-10-21 14:50:18|   0.6|  0.0|WARN  |-~-~-~-~-~-~-~-~-~-~-~-~-~-~-~-~-~-~-~-~-~-~-~-~-~-~-~-~-~-~-~-~-~-~-~-~-~-~-~-~-
2025-10-21 14:50:18|   0.6|  0.0|WARN  |-~                                                                             ~-
2025-10-21 14:50:18|   0.6|  0.0|WARN  |-~      Data caches have been recorded at every stage of the translation.      ~-
2025-10-21 14:50:18|   0.6|  0.0|WARN  |-~                      To inspect the recorded features,                      ~-
2025-10-21 14:50:18|   0.6|  0.0|WARN  |-~                click the data cache icons next to the ports.                ~-
2025-10-21 14:50:18|   0.6|  0.0|WARN  |-~                                                                             ~-
2025-10-21 14:50:18|   0.6|  0.0|WARN  |-~-~-~-~-~-~-~-~-~-~-~-~-~-~-~-~-~-~-~-~-~-~-~-~-~-~-~-~-~-~-~-~-~-~-~-~-~-~-~-~-
2025-10-21 14:50:18|   0.6|  0.0|INFORM|Translation was SUCCESSFUL with 16 warning(s) (0 feature(s) output)
2025-10-21 14:50:18|   0.6|  0.0|INFORM|FME Session Duration: 2.4 seconds. (CPU: 0.4s user, 0.2s system)
2025-10-21 14:50:18|   0.6|  0.0|INFORM|END - ProcessID: 10784, peak process memory usage: 98944 kB, current process memory usage: 98916 kB
