2025-10-13 17:09:49|   0.0|  0.0|INFORM|Current FME version: FME 2025.1.2.0 (20250829 - Build 25630 - WIN64)
2025-10-13 17:09:49|   0.0|  0.0|INFORM|System Time: 20251013150949 UTC
2025-10-13 17:09:49|   0.0|  0.0|INFORM|FME_HOME is 'C:\Program Files\FME\'
2025-10-13 17:09:49|   0.0|  0.0|INFORM|FME license: FME Student Edition (node locked-crc)
2025-10-13 17:09:49|   0.0|  0.0|INFORM|Serial Number: 1K9ICPC2H0B7D8MSYWSH
2025-10-13 17:09:49|   0.0|  0.0|INFORM|Machine host name is: LaptopYair
2025-10-13 17:09:49|   0.0|  0.0|INFORM|OS Locale Name     : nl_NL
2025-10-13 17:09:49|   0.0|  0.0|INFORM|OS Locale Encoding : windows-1252
2025-10-13 17:09:49|   0.0|  0.0|INFORM|Process Encoding   : UTF-8
2025-10-13 17:09:49|   0.0|  0.0|INFORM|FME API version: '4.0 20250515'
2025-10-13 17:09:49|   0.0|  0.0|INFORM|FME Configuration: FME_BASE is 'no'
2025-10-13 17:09:49|   0.0|  0.0|INFORM|FME Configuration: FME_MF_DIR is 'C:\Users\yairr\OneDrive - Delft University of Technology\GEOIT1501_Synthesis_Project_VanOord\FME\Workspaces\Features/'
2025-10-13 17:09:49|   0.0|  0.0|INFORM|FME Configuration: FME_MF_NAME is 'feature_upstream_discharge.fmw'
2025-10-13 17:09:49|   0.0|  0.0|INFORM|FME Configuration: FME_PRODUCT_NAME is 'FME(R) 2025.1.2.0'
2025-10-13 17:09:49|   0.0|  0.0|INFORM|Operating System: Microsoft Windows 11 64-bit  (Build 26100)
2025-10-13 17:09:49|   0.0|  0.0|INFORM|FME Platform: WIN64
2025-10-13 17:09:49|   0.0|  0.0|INFORM|System Status: 136.05 GB of disk space available in the FME temporary folder (C:\Users\yairr\AppData\Local\Temp\wbrun_1760357376765_23140\fmetmp_34)
2025-10-13 17:09:49|   0.0|  0.0|INFORM|System Status: 15.78 GB of physical memory available
2025-10-13 17:09:49|   0.0|  0.0|INFORM|System Status: 63.11 GB of virtual memory available
2025-10-13 17:09:49|   0.0|  0.0|INFORM|START - ProcessID: 6848, peak process memory usage: 41236 kB, current process memory usage: 41236 kB
2025-10-13 17:09:49|   0.0|  0.0|INFORM|FME Configuration: Command line arguments are `C:\Program Files\FME\fme.exe' `C:\Users\yairr\OneDrive - Delft University of Technology\GEOIT1501_Synthesis_Project_VanOord\FME\Workspaces\Features\wb-xlate-1760368189052_23140' `--FME_LAUNCH_VIEWER_APP' `WORKBENCH' `LOG_STANDARDOUT' `YES' `LOG_TIMINGS' `YES' `LogCountServerName' `60462' `LOG_STANDARDOUT' `No' `WORKBENCH_LOG_SERVER' `60560'
2025-10-13 17:09:49|   0.0|  0.0|INFORM|FME Configuration: Connection Storage: 'C:\Users\yairr\AppData\Roaming\Safe Software\FME\'
2025-10-13 17:09:49|   0.0|  0.0|INFORM|Shared folders for formats are : C:\Program Files\FME\datasources;C:\Users\yairr\Documents\FME\Formats
2025-10-13 17:09:49|   0.0|  0.0|INFORM|Shared folders for transformers are : C:\Users\yairr\AppData\Roaming\Safe Software\FME\Packages\25630-win64\transformers;C:\Program Files\FME\transformers;C:\Users\yairr\AppData\Roaming\Safe Software\FME\FME Store\Transformers
2025-10-13 17:09:49|   0.0|  0.0|INFORM|Shared folders for coordinate systems are : C:\Users\yairr\Documents\FME\CoordinateSystems
2025-10-13 17:09:49|   0.0|  0.0|INFORM|Shared folders for coordinate system exceptions are : C:\Users\yairr\Documents\FME\CoordinateSystemExceptions
2025-10-13 17:09:49|   0.0|  0.0|INFORM|Shared folders for coordinate system grid overrides are : C:\Users\yairr\Documents\FME\CoordinateSystemGridOverrides
2025-10-13 17:09:49|   0.0|  0.0|INFORM|Shared folders for CS-MAP transformation exceptions are : C:\Users\yairr\Documents\FME\CsmapTransformationExceptions
2025-10-13 17:09:49|   0.0|  0.0|INFORM|Shared folders for transformer categories are : C:\Users\yairr\Documents\FME\TransformerCategories
2025-10-13 17:09:49|   0.0|  0.0|INFORM|FME Configuration: No destination coordinate system set
2025-10-13 17:09:49|   0.0|  0.0|INFORM|FME Configuration: Current working folder is `C:\Users\yairr\OneDrive - Delft University of Technology\GEOIT1501_Synthesis_Project_VanOord\FME\Workspaces\Features'
2025-10-13 17:09:49|   0.0|  0.0|INFORM|FME Configuration: Temporary folder is `C:\Users\yairr\AppData\Local\Temp\wbrun_1760357376765_23140\fmetmp_34', set from environment variable `FME_TEMP'
2025-10-13 17:09:49|   0.0|  0.0|INFORM|FME Configuration: Cache folder is 'C:\Users\yairr\AppData\Local\Temp'
2025-10-13 17:09:49|   0.0|  0.0|WARN  |Failed to free sufficient memory to reach the process usage limit. To improve stability and performance please increase the memory available to FME. Available memory can be increased by adding physical RAM, increasing swap space, or closing other applications
2025-10-13 17:09:49|   0.0|  0.0|INFORM|FME Configuration: FME_HOME is `C:\Program Files\FME\'
2025-10-13 17:09:49|   0.0|  0.0|WARN  |FME Configuration: Extremely low initial memory conditions detected. To improve stability and performance please increase the memory available to FME. Available memory can be increased by adding physical RAM, increasing swap space, or closing other applications
2025-10-13 17:09:49|   0.0|  0.0|INFORM|Creating writer for format: 
2025-10-13 17:09:49|   0.0|  0.0|INFORM|Creating reader for format: 
2025-10-13 17:09:49|   0.0|  0.0|INFORM|MULTI_READER(MULTI_READER): Will fail with first member reader failure
2025-10-13 17:09:49|   0.0|  0.0|INFORM|Using Multi Reader with keyword `MULTI_READER' to read multiple datasets
2025-10-13 17:09:49|   0.0|  0.0|INFORM|Using MultiWriter with keyword `MULTI_DEST' to output data (ID_ATTRIBUTE is `multi_writer_id')
2025-10-13 17:09:49|   0.0|  0.0|INFORM|stats_2023 (StatisticsCalculatorFactory): The following statistics will be calculated 'NUMERIEKEWAARDE.min,NUMERIEKEWAARDE.max,NUMERIEKEWAARDE.total_count,NUMERIEKEWAARDE.mean'
2025-10-13 17:09:49|   0.0|  0.0|INFORM|Emptying factory pipeline
2025-10-13 17:09:49|   0.0|  0.0|STATS |Router and Unexpected Input Remover (RoutingFactory): Tested 0 input feature(s), wrote 0 output feature(s): 0 matched merge filters, 0 were routed to output, 0 could not be routed.
2025-10-13 17:09:49|   0.0|  0.0|STATS |Unwanted Router Input Nuker (TeeFactory): Cloned 0 input feature(s) into 0 output feature(s)
2025-10-13 17:09:49|   0.0|  0.0|STATS |CSV_CSV2_2 Splitter (TeeFactory): Cloned 0 input feature(s) into 0 output feature(s)
2025-10-13 17:09:49|   0.0|  0.0|STATS |CSV_CSV2_1 Splitter (TeeFactory): Cloned 0 input feature(s) into 0 output feature(s)
2025-10-13 17:09:49|   0.0|  0.0|STATS |Restoring 10 feature(s) from FME feature store file `C:\Users\yairr\AppData\Local\Temp\wb-cache--Hgdxqh\Main_Tester_2 -1 16 fo 0 PASSED  0  2125d170550e4c722a3b55e6dd72901ac1d22f2e.ffs'
2025-10-13 17:09:49|   0.0|  0.0|INFORM|stats_2023 (StatisticsCalculatorFactory): Preparing to divide 52241 features into groups
2025-10-13 17:09:49|   0.1|  0.1|INFORM|stats_2023 (StatisticsCalculatorFactory): Dividing 52241 features into groups
2025-10-13 17:09:49|   0.1|  0.0|INFORM|ResourceManager: Optimizing Memory Usage.  Please wait...
2025-10-13 17:09:49|   0.4|  0.3|INFORM|... Last line repeated 6 times ...
2025-10-13 17:09:49|   0.4|  0.0|INFORM|stats_2023 (StatisticsCalculatorFactory): Preparing to divide 92123 features into groups
2025-10-13 17:09:49|   0.4|  0.0|INFORM|stats_2023 (StatisticsCalculatorFactory): Dividing 92123 features into groups
2025-10-13 17:09:49|   0.4|  0.0|INFORM|ResourceManager: Optimizing Memory Usage.  Please wait...
2025-10-13 17:09:50|   0.9|  0.5|INFORM|... Last line repeated 12 times ...
2025-10-13 17:09:50|   0.9|  0.0|INFORM|stats_2023 (StatisticsCalculatorFactory): Preparing to divide 7491 features into groups
2025-10-13 17:09:50|   1.0|  0.1|INFORM|stats_2023 (StatisticsCalculatorFactory): Dividing 7491 features into groups
2025-10-13 17:09:50|   1.0|  0.0|INFORM|ResourceManager: Optimizing Memory Usage.  Please wait...
2025-10-13 17:09:50|   1.0|  0.0|INFORM|stats_2023 (StatisticsCalculatorFactory): Preparing to divide 83375 features into groups
2025-10-13 17:09:50|   1.1|  0.1|INFORM|stats_2023 (StatisticsCalculatorFactory): Dividing 83375 features into groups
2025-10-13 17:09:50|   1.1|  0.0|INFORM|ResourceManager: Optimizing Memory Usage.  Please wait...
2025-10-13 17:09:51|   1.7|  0.6|INFORM|... Last line repeated 11 times ...
2025-10-13 17:09:51|   1.7|  0.0|INFORM|stats_2023 (StatisticsCalculatorFactory): Preparing to divide 22981 features into groups
2025-10-13 17:09:51|   1.7|  0.0|INFORM|stats_2023 (StatisticsCalculatorFactory): Dividing 22981 features into groups
2025-10-13 17:09:51|   1.7|  0.0|INFORM|ResourceManager: Optimizing Memory Usage.  Please wait...
2025-10-13 17:09:51|   1.7|  0.0|INFORM|... Last line repeated 2 times ...
2025-10-13 17:09:51|   1.7|  0.0|INFORM|stats_2023 (StatisticsCalculatorFactory): Preparing to divide 99483 features into groups
2025-10-13 17:09:51|   1.8|  0.1|INFORM|stats_2023 (StatisticsCalculatorFactory): Dividing 99483 features into groups
2025-10-13 17:09:51|   1.9|  0.1|INFORM|ResourceManager: Optimizing Memory Usage.  Please wait...
2025-10-13 17:09:52|   2.4|  0.5|INFORM|... Last line repeated 14 times ...
2025-10-13 17:09:52|   2.4|  0.0|INFORM|stats_2023 (StatisticsCalculatorFactory): Preparing to divide 22891 features into groups
2025-10-13 17:09:52|   2.4|  0.0|INFORM|stats_2023 (StatisticsCalculatorFactory): Dividing 22891 features into groups
2025-10-13 17:09:52|   2.4|  0.0|INFORM|ResourceManager: Optimizing Memory Usage.  Please wait...
2025-10-13 17:09:52|   2.5|  0.1|INFORM|... Last line repeated 2 times ...
2025-10-13 17:09:52|   2.5|  0.0|INFORM|stats_2023 (StatisticsCalculatorFactory): Preparing to divide 83738 features into groups
2025-10-13 17:09:52|   2.6|  0.1|INFORM|stats_2023 (StatisticsCalculatorFactory): Dividing 83738 features into groups
2025-10-13 17:09:52|   2.6|  0.0|INFORM|ResourceManager: Optimizing Memory Usage.  Please wait...
2025-10-13 17:09:52|   3.0|  0.4|INFORM|... Last line repeated 11 times ...
2025-10-13 17:09:52|   3.0|  0.0|INFORM|stats_2023 (StatisticsCalculatorFactory): Preparing to divide 37850 features into groups
2025-10-13 17:09:52|   3.0|  0.0|INFORM|stats_2023 (StatisticsCalculatorFactory): Dividing 37850 features into groups
2025-10-13 17:09:52|   3.0|  0.0|INFORM|ResourceManager: Optimizing Memory Usage.  Please wait...
2025-10-13 17:09:53|   3.2|  0.2|INFORM|... Last line repeated 4 times ...
2025-10-13 17:09:53|   3.2|  0.0|INFORM|stats_2023 (StatisticsCalculatorFactory): Preparing to divide 65896 features into groups
2025-10-13 17:09:53|   3.3|  0.1|INFORM|stats_2023 (StatisticsCalculatorFactory): Dividing 65896 features into groups
2025-10-13 17:09:53|   3.4|  0.1|INFORM|ResourceManager: Optimizing Memory Usage.  Please wait...
2025-10-13 17:09:53|   4.0|  0.6|INFORM|... Last line repeated 9 times ...
2025-10-13 17:09:53|   4.0|  0.0|INFORM|FFS writer: Writing 52241 feature(s) to file 'C:\Users\yairr\AppData\Local\Temp\wb-cache--Hgdxqh\Main_stats_2023 -1 18 fo 1 COMPLETE  1  daeada876732cc162995293c1b32ff289ff53feb.fts'
2025-10-13 17:09:53|   4.0|  0.0|INFORM|ResourceManager: Optimizing Memory Usage.  Please wait...
2025-10-13 17:09:54|   4.4|  0.4|INFORM|Spatial Index: Adding 52241 features
2025-10-13 17:09:54|   4.6|  0.2|INFORM|FFS writer: Writing 92123 feature(s) to file 'C:\Users\yairr\AppData\Local\Temp\wb-cache--Hgdxqh\Main_stats_2023 -1 18 fo 1 COMPLETE  1  daeada876732cc162995293c1b32ff289ff53feb_1.fts'
2025-10-13 17:09:55|   5.4|  0.8|INFORM|Spatial Index: Adding 92123 features
2025-10-13 17:09:55|   5.8|  0.4|INFORM|FFS writer: Writing 7491 feature(s) to file 'C:\Users\yairr\AppData\Local\Temp\wb-cache--Hgdxqh\Main_stats_2023 -1 18 fo 1 COMPLETE  1  daeada876732cc162995293c1b32ff289ff53feb_2.fts'
2025-10-13 17:09:55|   5.9|  0.1|INFORM|Spatial Index: Adding 7491 features
2025-10-13 17:09:55|   5.9|  0.0|INFORM|FFS writer: Writing 83375 feature(s) to file 'C:\Users\yairr\AppData\Local\Temp\wb-cache--Hgdxqh\Main_stats_2023 -1 18 fo 1 COMPLETE  1  daeada876732cc162995293c1b32ff289ff53feb_3.fts'
2025-10-13 17:09:56|   6.6|  0.7|INFORM|Spatial Index: Adding 83375 features
2025-10-13 17:09:56|   6.9|  0.3|INFORM|ResourceManager: Optimizing Memory Usage.  Please wait...
2025-10-13 17:09:56|   7.0|  0.1|INFORM|FFS writer: Writing 20747 feature(s) to file 'C:\Users\yairr\AppData\Local\Temp\wb-cache--Hgdxqh\Main_stats_2023 -1 18 fo 1 COMPLETE  1  daeada876732cc162995293c1b32ff289ff53feb_4.fts'
2025-10-13 17:09:57|   7.2|  0.2|INFORM|Spatial Index: Adding 20747 features
2025-10-13 17:09:57|   7.3|  0.1|INFORM|FFS writer: Writing 20005 feature(s) to file 'C:\Users\yairr\AppData\Local\Temp\wb-cache--Hgdxqh\Main_stats_2023 -1 18 fo 1 COMPLETE  1  daeada876732cc162995293c1b32ff289ff53feb_5.fts'
2025-10-13 17:09:57|   7.5|  0.2|INFORM|Spatial Index: Adding 20005 features
2025-10-13 17:09:57|   7.6|  0.1|INFORM|FFS writer: Writing 83738 feature(s) to file 'C:\Users\yairr\AppData\Local\Temp\wb-cache--Hgdxqh\Main_stats_2023 -1 18 fo 1 COMPLETE  1  daeada876732cc162995293c1b32ff289ff53feb_6.fts'
2025-10-13 17:09:58|   8.3|  0.7|INFORM|Spatial Index: Adding 83738 features
2025-10-13 17:09:58|   8.7|  0.4|INFORM|ResourceManager: Optimizing Memory Usage.  Please wait...
2025-10-13 17:09:58|   8.8|  0.1|INFORM|FFS writer: Writing 37850 feature(s) to file 'C:\Users\yairr\AppData\Local\Temp\wb-cache--Hgdxqh\Main_stats_2023 -1 18 fo 1 COMPLETE  1  daeada876732cc162995293c1b32ff289ff53feb_7.fts'
2025-10-13 17:09:58|   9.1|  0.3|INFORM|Spatial Index: Adding 37850 features
2025-10-13 17:09:59|   9.3|  0.2|INFORM|ResourceManager: Optimizing Memory Usage.  Please wait...
2025-10-13 17:09:59|   9.3|  0.0|INFORM|FFS writer: Writing 65896 feature(s) to file 'C:\Users\yairr\AppData\Local\Temp\wb-cache--Hgdxqh\Main_stats_2023 -1 18 fo 1 COMPLETE  1  daeada876732cc162995293c1b32ff289ff53feb_8.fts'
2025-10-13 17:09:59|   9.8|  0.5|INFORM|Spatial Index: Adding 65896 features
2025-10-13 17:10:00|  10.2|  0.4|INFORM|FFS writer: Writing 2234 feature(s) to file 'C:\Users\yairr\AppData\Local\Temp\wb-cache--Hgdxqh\Main_stats_2023 -1 18 fo 1 COMPLETE  1  daeada876732cc162995293c1b32ff289ff53feb_9.fts'
2025-10-13 17:10:00|  10.2|  0.0|INFORM|Spatial Index: Adding 2234 features
2025-10-13 17:10:00|  10.2|  0.0|INFORM|FFS writer: Writing 99483 feature(s) to file 'C:\Users\yairr\AppData\Local\Temp\wb-cache--Hgdxqh\Main_stats_2023 -1 18 fo 1 COMPLETE  1  daeada876732cc162995293c1b32ff289ff53feb_10.fts'
2025-10-13 17:10:00|  11.1|  0.9|INFORM|Spatial Index: Adding 99483 features
2025-10-13 17:10:01|  11.5|  0.4|INFORM|ResourceManager: Optimizing Memory Usage.  Please wait...
2025-10-13 17:10:01|  11.5|  0.0|INFORM|FFS writer: Writing 2886 feature(s) to file 'C:\Users\yairr\AppData\Local\Temp\wb-cache--Hgdxqh\Main_stats_2023 -1 18 fo 1 COMPLETE  1  daeada876732cc162995293c1b32ff289ff53feb_11.fts'
2025-10-13 17:10:01|  11.6|  0.1|INFORM|Spatial Index: Adding 2886 features
2025-10-13 17:10:01|  11.7|  0.1|INFORM|stats_2023 (StatisticsCalculatorFactory): Processing complete
2025-10-13 17:10:02|  12.3|  0.6|STATS |Destination Feature Type Routing Correlator (RoutingFactory): Tested 0 input feature(s), wrote 0 output feature(s): 0 matched merge filters, 0 were routed to output, 0 could not be routed.
2025-10-13 17:10:02|  12.3|  0.0|STATS |Final Output Nuker (TeeFactory): Cloned 0 input feature(s) into 0 output feature(s)
2025-10-13 17:10:02|  12.3|  0.0|STATS |=-=-=-=-=-=-=-=-=-=-=-=-=-=-=-=-=-=-=-=-=-=-=-=-=-=-=-=-=-=-=-=-=-=-=-=-=-=-=-
2025-10-13 17:10:02|  12.3|  0.0|STATS |                            Features Read Summary
2025-10-13 17:10:02|  12.3|  0.0|STATS |=-=-=-=-=-=-=-=-=-=-=-=-=-=-=-=-=-=-=-=-=-=-=-=-=-=-=-=-=-=-=-=-=-=-=-=-=-=-=-
2025-10-13 17:10:02|  12.3|  0.0|STATS |==============================================================================
2025-10-13 17:10:02|  12.3|  0.0|STATS |Total Features Read                                                          0
2025-10-13 17:10:02|  12.3|  0.0|STATS |=-=-=-=-=-=-=-=-=-=-=-=-=-=-=-=-=-=-=-=-=-=-=-=-=-=-=-=-=-=-=-=-=-=-=-=-=-=-=-
2025-10-13 17:10:02|  12.3|  0.0|STATS |=-=-=-=-=-=-=-=-=-=-=-=-=-=-=-=-=-=-=-=-=-=-=-=-=-=-=-=-=-=-=-=-=-=-=-=-=-=-=-
2025-10-13 17:10:02|  12.3|  0.0|STATS |                           Features Written Summary
2025-10-13 17:10:02|  12.3|  0.0|STATS |=-=-=-=-=-=-=-=-=-=-=-=-=-=-=-=-=-=-=-=-=-=-=-=-=-=-=-=-=-=-=-=-=-=-=-=-=-=-=-
2025-10-13 17:10:02|  12.3|  0.0|STATS |==============================================================================
2025-10-13 17:10:02|  12.3|  0.0|STATS |Total Features Written                                                       0
2025-10-13 17:10:02|  12.3|  0.0|STATS |=-=-=-=-=-=-=-=-=-=-=-=-=-=-=-=-=-=-=-=-=-=-=-=-=-=-=-=-=-=-=-=-=-=-=-=-=-=-=-
2025-10-13 17:10:02|  12.3|  0.0|WARN  |-~-~-~-~-~-~-~-~-~-~-~-~-~-~-~-~-~-~-~-~-~-~-~-~-~-~-~-~-~-~-~-~-~-~-~-~-~-~-~-~-
2025-10-13 17:10:02|  12.3|  0.0|WARN  |-~                                                                             ~-
2025-10-13 17:10:02|  12.3|  0.0|WARN  |-~      Data caches have been recorded at every stage of the translation.      ~-
2025-10-13 17:10:02|  12.3|  0.0|WARN  |-~                      To inspect the recorded features,                      ~-
2025-10-13 17:10:02|  12.3|  0.0|WARN  |-~                click the data cache icons next to the ports.                ~-
2025-10-13 17:10:02|  12.3|  0.0|WARN  |-~                                                                             ~-
2025-10-13 17:10:02|  12.3|  0.0|WARN  |-~-~-~-~-~-~-~-~-~-~-~-~-~-~-~-~-~-~-~-~-~-~-~-~-~-~-~-~-~-~-~-~-~-~-~-~-~-~-~-~-
2025-10-13 17:10:02|  12.3|  0.0|INFORM|Translation was SUCCESSFUL with 9 warning(s) (0 feature(s) output)
2025-10-13 17:10:02|  12.3|  0.0|INFORM|FME Session Duration: 12.8 seconds. (CPU: 5.7s user, 6.6s system)
2025-10-13 17:10:02|  12.3|  0.0|INFORM|END - ProcessID: 6848, peak process memory usage: 220880 kB, current process memory usage: 94912 kB
